[2026-02-13 19:34:05] === Autonomic Robotics Loop Active ===
[2026-02-13 19:34:05] --- Iteration 1 ---
[2026-02-13 19:34:05] Starting 100m Test Run...
[2026-02-13 19:34:08] ❌ Mission Failed.
[2026-02-13 19:34:08] Analyzing failure and applying optimization...
[2026-02-13 19:34:16] --- Iteration 2 ---
[2026-02-13 19:34:16] Starting 100m Test Run...
[2026-02-13 19:34:20] ❌ Mission Failed.
[2026-02-13 19:34:20] Analyzing failure and applying optimization...
[2026-02-13 19:34:30] --- Iteration 3 ---
[2026-02-13 19:34:30] Starting 100m Test Run...
[2026-02-13 19:34:33] ❌ Mission Failed.
[2026-02-13 19:34:33] Analyzing failure and applying optimization...
[2026-02-13 19:34:43] --- Iteration 4 ---
[2026-02-13 19:34:43] Starting 100m Test Run...
[2026-02-13 19:34:44] ❌ Mission Failed.
[2026-02-13 19:34:44] Analyzing failure and applying optimization...
[2026-02-13 19:34:54] --- Iteration 5 ---
[2026-02-13 19:34:54] Starting 100m Test Run...
[2026-02-13 19:34:57] ❌ Mission Failed.
[2026-02-13 19:34:57] Analyzing failure and applying optimization...
